<?xml version="1.0" encoding="UTF-8"?>
<!-- Generated by org.testng.reporters.JUnitReportReporter -->
<testsuite hostname="Dibyansh_Verma" failures="0" tests="3" name="DataDriven.ExcelDataProvider.dataProvider" time="0.019" errors="0" timestamp="2024-06-03T11:34:45 IST" skipped="0">
  <testcase classname="DataDriven.ExcelDataProvider.dataProvider" name="testCaseData" time="0.001"/>
  <testcase classname="DataDriven.ExcelDataProvider.dataProvider" name="testCaseData" time="0.016"/>
  <testcase classname="DataDriven.ExcelDataProvider.dataProvider" name="testCaseData" time="0.002"/>
</testsuite> <!-- DataDriven.ExcelDataProvider.dataProvider -->
